Connecting to database specified by database.yml
Compiled jquery.js  (2ms)  (pid 707)
Compiled jquery_ujs.js  (0ms)  (pid 707)
Compiled comments.js  (0ms)  (pid 707)
Compiled friends.js  (0ms)  (pid 707)
Compiled members.js  (0ms)  (pid 707)
Compiled messages.js  (0ms)  (pid 707)
Compiled application.js  (82ms)  (pid 707)
Compiled comments.css  (0ms)  (pid 707)
Compiled friends.css  (0ms)  (pid 707)
Compiled members.css  (0ms)  (pid 707)
Compiled messages.css  (0ms)  (pid 707)
Compiled scaffold.css  (0ms)  (pid 707)
Compiled application.css  (58ms)  (pid 707)
Connecting to database specified by database.yml
Compiled jquery.js  (2ms)  (pid 707)
Compiled jquery_ujs.js  (0ms)  (pid 707)
Compiled comments.js  (0ms)  (pid 707)
Compiled friends.js  (0ms)  (pid 707)
Compiled members.js  (0ms)  (pid 707)
Compiled messages.js  (0ms)  (pid 707)
Compiled application.js  (62ms)  (pid 707)
Compiled comments.css  (0ms)  (pid 707)
Compiled friends.css  (0ms)  (pid 707)
Compiled members.css  (0ms)  (pid 707)
Compiled messages.css  (0ms)  (pid 707)
Compiled scaffold.css  (0ms)  (pid 707)
Compiled application.css  (46ms)  (pid 707)
